C: STRT
S: GRID
C: THRW
C: MISS
C: FIRE D2
C: HIT_
C: FIRE G9
C: MISS
C: FIRE C8
C: MISS
C: FIRE H1
C: MISS
C: FIRE I7
C: MISS
C: FIRE B9
C: MISS
C: FIRE A6
C: MISS
C: FIRE J2
C: HIT_
C: FIRE I5
C: MISS
C: FIRE E4
C: MISS
C: FIRE H9
C: MISS
C: FIRE G6
C: MISS
C: FIRE E0
C: MISS
C: FIRE A8
C: MISS
C: FIRE F9
C: MISS
C: FIRE F1
C: MISS
C: FIRE B6
C: MISS
C: FIRE G0
C: MISS
C: FIRE G0
C: HIT_
C: FIRE C9
C: HIT_
C: FIRE E2
C: MISS
C: FIRE C6
C: HIT_
C: FIRE A3
C: HIT_
C: FIRE B9
C: MISS
C: FIRE H4
C: MISS
C: FIRE I0
C: HIT_
C: FIRE I7
C: HIT_
C: FIRE B9
C: MISS
C: FIRE D2
C: MISS
C: FIRE J6
C: MISS
C: FIRE J1
C: HIT_
C: FIRE A7
C: MISS
C: FIRE B9
C: MISS
C: FIRE I5
C: MISS
C: FIRE H5
C: SUNK
C: FIRE E4
C: MISS
C: FIRE B0
C: HIT_
C: FIRE D5
C: HIT_
C: FIRE C3
C: MISS
C: FIRE I6
C: MISS
C: FIRE E1
C: MISS
C: FIRE D3
C: HIT_
C: FIRE F2
C: MISS
C: FIRE B8
C: MISS
C: FIRE G0
C: HIT_
C: FIRE F3
C: HIT_
C: FIRE E0
C: MISS
C: FIRE I2
C: MISS
C: FIRE F0
C: HIT_
C: FIRE A9
C: MISS
C: FIRE E2
C: HIT_
C: FIRE B0
C: MISS
C: FIRE H9
C: MISS
C: FIRE J0
C: MISS
C: FIRE A2
C: HIT_
C: FIRE F9
C: MISS
C: FIRE F1
C: MISS
C: FIRE G6
C: HIT_
C: FIRE J1
C: MISS
C: FIRE C8
C: MISS
C: FIRE G3
C: MISS
C: FIRE F5
C: MISS
C: FIRE J4
C: MISS
C: FIRE I9
C: MISS
C: FIRE H0
C: MISS
C: FIRE E2
C: MISS
C: FIRE I6
C: MISS
C: FIRE D1
C: MISS
C: FIRE B4
C: MISS
C: FIRE B2
C: MISS
C: FIRE E5
C: SUNK
C: FIRE E8
C: MISS
C: FIRE A7
C: MISS
C: FIRE J1
C: HIT_
C: FIRE A3
C: MISS
C: FIRE E2
C: SUNK
C: FIRE I9
C: SUNK
C: FIRE A8
C: MISS
C: FIRE H1
C: HIT_
C: FIRE A9
C: SUNK
C: FIRE B2
C: MISS
C: FIRE H9
C: MISS
C: FIRE D3
C: MISS
C: FIRE I8
C: HIT_
C: FIRE E6
C: HIT_
C: FIRE I3
C: MISS
C: FIRE J5
C: MISS
C: FIRE A0
C: MISS
C: FIRE H6
C: SUNK
C: FIRE H5
C: HIT_
C: FIRE H2
C: MISS
C: FIRE D9
C: MISS
C: FIRE G3
C: HIT_
C: FIRE E1
C: MISS
C: FIRE C8
C: MISS
C: FIRE I7
C: MISS
C: FIRE I5
C: MISS
C: FIRE I0
C: MISS
C: FIRE E8
C: MISS
C: FIRE B9
C: HIT_
C: FIRE A7
C: MISS
C: FIRE I1
C: MISS
C: FIRE F6
C: HIT_
C: FIRE C2
C: MISS
C: FIRE E6
C: MISS
C: FIRE D7
C: MISS
C: FIRE J4
C: HIT_
C: FIRE G5
C: MISS
C: FIRE C0
C: SUNK
C: FIRE D5
C: MISS
C: FIRE H4
C: HIT_
C: FIRE E7
C: MISS
C: FIRE D5
C: MISS
C: FIRE A6
C: MISS
C: FIRE H2
C: MISS
C: FIRE C4
C: MISS
C: FIRE B4
C: MISS
C: FIRE I4
C: MISS
C: FIRE B8
C: HIT_
C: FIRE I2
C: MISS
C: FIRE C6
C: MISS
C: FIRE E6
C: MISS
C: FIRE A4
C: MISS
C: FIRE D8
C: MISS
C: FIRE G5
C: MISS
C: FIRE B5
C: MISS
C: FIRE B8
C: MISS
C: FIRE C4
C: MISS
C: FIRE D9
C: MISS
C: FIRE D1
C: MISS
C: FIRE H6
C: MISS
C: FIRE F8
C: MISS
C: FIRE A5
C: MISS
C: FIRE I8
C: MISS
C: FIRE A9
C: MISS
C: FIRE F6
C: MISS
C: FIRE E2
C: MISS
C: FIRE B7
C: HIT_
C: FIRE A7
C: HIT_
C: FIRE J1
C: MISS
C: FIRE F4
C: MISS
C: FIRE F0
C: MISS
C: FIRE I1
C: MISS
C: FIRE B7
C: MISS
C: FIRE I0
C: MISS
C: FIRE H2
C: HIT_
C: FIRE J4
C: HIT_
C: FIRE C2
C: MISS
C: FIRE G2
C: HIT_
C: FIRE B9
C: MISS
C: FIRE C9
C: MISS
C: FIRE B8
C: HIT_
C: FIRE D5
C: MISS
C: FIRE A9
C: MISS
C: FIRE G5
C: MISS
C: FIRE C9
C: HIT_
C: FIRE F7
C: MISS
C: FIRE D4
C: HIT_
C: FIRE C3
C: MISS
C: FIRE A8
C: HIT_
C: FIRE D4
C: MISS
C: FIRE F3
C: SUNK
C: FIRE C0
C: MISS
C: FIRE H2
C: MISS
C: FIRE J4
C: MISS
C: FIRE I6
C: MISS
C: FIRE C6
C: HIT_
C: FIRE J8
C: MISS
C: FIRE I2
C: MISS
C: FIRE J7
C: MISS
C: FIRE B4
C: MISS
C: FIRE F6
C: HIT_
C: FIRE C5
C: MISS
C: FIRE G3
C: MISS
C: FIRE E5
C: MISS
C: FIRE A1
C: MISS
C: FIRE J8
